<?xml version="1.0" encoding="UTF-8"?>
<!-- Generated by org.testng.reporters.JUnitXMLReporter -->
<testsuite hostname="DESKTOP-878GRJ6" failures="0" tests="3" name="Default test" time="1.415" errors="0" timestamp="11 Aug 2024 08:42:48 GMT">
  <testcase classname="com.sddevops.selenium_GA.NewTest" name="checkNavigationForAcrossPages" time="0.388"/>
  <testcase classname="com.sddevops.selenium_GA.NewTest" name="checkTitle" time="0.066"/>
  <testcase classname="com.sddevops.selenium_GA.NewTest" name="findById" time="0.073"/>
</testsuite> <!-- Default test -->
