<?xml version="1.0" encoding="UTF-8"?>
<testng-results total="3" passed="3" failed="0" skipped="0">
  <reporter-output>
  </reporter-output>
  <suite started-at="2024-08-11T08:45:40Z" name="Suite" finished-at="2024-08-11T08:45:42Z" duration-ms="1685">
    <groups>
    </groups>
    <test started-at="2024-08-11T08:45:40Z" name="Test" finished-at="2024-08-11T08:45:42Z" duration-ms="1685">
      <class name="com.sddevops.selenium_GA.NewTest">
        <test-method is-config="true" signature="beforeTest()[pri:0, instance:com.sddevops.selenium_GA.NewTest@7b94089b]" started-at="2024-08-11T16:45:40Z" name="beforeTest" finished-at="2024-08-11T16:45:41Z" duration-ms="838" status="PASS">
          <reporter-output>
          </reporter-output>
        </test-method> <!-- beforeTest -->
        <test-method signature="checkNavigationForAcrossPages()[pri:0, instance:com.sddevops.selenium_GA.NewTest@7b94089b]" started-at="2024-08-11T16:45:41Z" name="checkNavigationForAcrossPages" finished-at="2024-08-11T16:45:42Z" duration-ms="564" status="PASS">
          <reporter-output>
          </reporter-output>
        </test-method> <!-- checkNavigationForAcrossPages -->
        <test-method signature="checkTitle()[pri:0, instance:com.sddevops.selenium_GA.NewTest@7b94089b]" started-at="2024-08-11T16:45:42Z" name="checkTitle" finished-at="2024-08-11T16:45:42Z" duration-ms="73" status="PASS">
          <reporter-output>
          </reporter-output>
        </test-method> <!-- checkTitle -->
        <test-method signature="findById()[pri:0, instance:com.sddevops.selenium_GA.NewTest@7b94089b]" started-at="2024-08-11T16:45:42Z" name="findById" finished-at="2024-08-11T16:45:42Z" duration-ms="96" status="PASS">
          <reporter-output>
          </reporter-output>
        </test-method> <!-- findById -->
        <test-method is-config="true" signature="afterTest()[pri:0, instance:com.sddevops.selenium_GA.NewTest@7b94089b]" started-at="2024-08-11T16:45:42Z" name="afterTest" finished-at="2024-08-11T16:45:42Z" duration-ms="107" status="PASS">
          <reporter-output>
          </reporter-output>
        </test-method> <!-- afterTest -->
      </class> <!-- com.sddevops.selenium_GA.NewTest -->
    </test> <!-- Test -->
  </suite> <!-- Suite -->
</testng-results>
